com.zaxxer.hikari.pool.HikariPool$PoolInitializationException: Failed to initialize pool: Unknown system variable 'Rtx_isolation'
	at com.zaxxer.hikari.pool.HikariPool.throwPoolInitializationException(HikariPool.java:595)
	at com.zaxxer.hikari.pool.HikariPool.checkFailFast(HikariPool.java:574)
	at com.zaxxer.hikari.pool.HikariPool.<init>(HikariPool.java:115)
	at com.zaxxer.hikari.HikariDataSource.<init>(HikariDataSource.java:81)
	at org.starloco.locos.database.statics.StaticsDatabase.initializeConnection(StaticsDatabase.java:75)
	at org.starloco.locos.database.Database.launchDatabase(Database.java:15)
	at org.starloco.locos.kernel.Main.start(Main.java:103)
	at org.starloco.locos.kernel.Main.main(Main.java:90)
Caused by: java.sql.SQLException: Unknown system variable 'tx_isolation'
	at com.mysql.jdbc.SQLError.createSQLException(SQLError.java:1072)
	at com.mysql.jdbc.MysqlIO.checkErrorPacket(MysqlIO.java:3563)
	at com.mysql.jdbc.MysqlIO.checkErrorPacket(MysqlIO.java:3495)
	at com.mysql.jdbc.MysqlIO.sendCommand(MysqlIO.java:1959)
	at com.mysql.jdbc.MysqlIO.sqlQueryDirect(MysqlIO.java:2113)
	at com.mysql.jdbc.ConnectionImpl.execSQL(ConnectionImpl.java:2687)
	at com.mysql.jdbc.ConnectionImpl.execSQL(ConnectionImpl.java:2616)
	at com.mysql.jdbc.StatementImpl.executeQuery(StatementImpl.java:1464)
	at com.mysql.jdbc.ConnectionImpl.getTransactionIsolation(ConnectionImpl.java:3259)
	at com.zaxxer.hikari.pool.PoolBase.checkDefaultIsolation(PoolBase.java:479)
	at com.zaxxer.hikari.pool.PoolBase.checkDriverSupport(PoolBase.java:442)
	at com.zaxxer.hikari.pool.PoolBase.setupConnection(PoolBase.java:410)
	at com.zaxxer.hikari.pool.PoolBase.newConnection(PoolBase.java:363)
	at com.zaxxer.hikari.pool.PoolBase.newPoolEntry(PoolBase.java:206)
	at com.zaxxer.hikari.pool.HikariPool.createPoolEntry(HikariPool.java:477)
	at com.zaxxer.hikari.pool.HikariPool.checkFailFast(HikariPool.java:560)
	... 6 more
